15:04:04.897 [main] INFO  o.s.t.c.s.AnnotationConfigContextLoaderUtils - Could not detect default configuration classes for test class [com.wipro.SpringBootAppApplicationTests]: SpringBootAppApplicationTests does not declare any static, non-private, non-final, nested classes annotated with @Configuration.
15:04:05.123 [main] INFO  o.s.b.t.c.SpringBootTestContextBootstrapper - Found @SpringBootConfiguration com.wipro.SpringBootAppApplication for test class com.wipro.SpringBootAppApplicationTests
15:04:05.395 [main] INFO  o.s.b.d.r.RestartApplicationListener - Restart disabled due to context in which it is running
15:04:05.718 [main] INFO  c.w.SpringBootAppApplicationTests - Starting SpringBootAppApplicationTests using Java 17.0.10 with PID 72608 (started by rps in /home/rps/Downloads/spring-boot-app/spring-boot-app)
15:04:05.721 [main] INFO  c.w.SpringBootAppApplicationTests - No active profile set, falling back to 1 default profile: "default"
15:04:07.299 [main] INFO  c.w.SpringBootAppApplicationTests - Started SpringBootAppApplicationTests in 1.924 seconds (process running for 4.833)
15:05:00.925 [restartedMain] INFO  com.wipro.SpringBootAppApplication - Starting SpringBootAppApplication using Java 17.0.10 with PID 72711 (/home/rps/Downloads/spring-boot-app/spring-boot-app/target/classes started by rps in /home/rps/Downloads/spring-boot-app/spring-boot-app)
15:05:00.948 [restartedMain] INFO  com.wipro.SpringBootAppApplication - No active profile set, falling back to 1 default profile: "default"
15:05:01.052 [restartedMain] INFO  o.s.b.d.e.DevToolsPropertyDefaultsPostProcessor - Devtools property defaults active! Set 'spring.devtools.add-properties' to 'false' to disable
15:05:01.052 [restartedMain] INFO  o.s.b.d.e.DevToolsPropertyDefaultsPostProcessor - For additional web related logging consider setting the 'logging.level.web' property to 'DEBUG'
15:05:03.175 [restartedMain] INFO  o.s.b.w.e.tomcat.TomcatWebServer - Tomcat initialized with port 9090 (http)
15:05:03.209 [restartedMain] INFO  o.a.coyote.http11.Http11NioProtocol - Initializing ProtocolHandler ["http-nio-9090"]
15:05:03.216 [restartedMain] INFO  o.a.catalina.core.StandardService - Starting service [Tomcat]
15:05:03.228 [restartedMain] INFO  o.a.catalina.core.StandardEngine - Starting Servlet engine: [Apache Tomcat/10.1.24]
15:05:03.369 [restartedMain] INFO  o.a.c.c.C.[Tomcat].[localhost].[/] - Initializing Spring embedded WebApplicationContext
15:05:03.371 [restartedMain] INFO  o.s.b.w.s.c.ServletWebServerApplicationContext - Root WebApplicationContext: initialization completed in 2317 ms
15:05:04.236 [restartedMain] INFO  o.s.b.d.a.OptionalLiveReloadServer - LiveReload server is running on port 35729
15:05:04.262 [restartedMain] INFO  o.a.coyote.http11.Http11NioProtocol - Starting ProtocolHandler ["http-nio-9090"]
15:05:04.288 [restartedMain] INFO  o.s.b.w.e.tomcat.TomcatWebServer - Tomcat started on port 9090 (http) with context path '/'
15:05:04.326 [restartedMain] INFO  com.wipro.SpringBootAppApplication - Started SpringBootAppApplication in 4.184 seconds (process running for 5.613)
15:06:19.316 [http-nio-9090-exec-1] INFO  o.a.c.c.C.[Tomcat].[localhost].[/] - Initializing Spring DispatcherServlet 'dispatcherServlet'
15:06:19.317 [http-nio-9090-exec-1] INFO  o.s.web.servlet.DispatcherServlet - Initializing Servlet 'dispatcherServlet'
15:06:19.321 [http-nio-9090-exec-1] INFO  o.s.web.servlet.DispatcherServlet - Completed initialization in 3 ms
15:06:19.415 [http-nio-9090-exec-1] INFO  com.wipro.controller.UserController - user1 user1@123
15:19:21.989 [File Watcher] INFO  o.s.b.d.a.LocalDevToolsAutoConfiguration$RestartingClassPathChangeChangedEventListener - Restarting due to 4 class path changes (3 additions, 0 deletions, 1 modification)
15:19:22.008 [Thread-5] INFO  o.a.coyote.http11.Http11NioProtocol - Stopping ProtocolHandler ["http-nio-9090"]
15:20:52.127 [restartedMain] INFO  com.wipro.SpringBootAppApplication - Starting SpringBootAppApplication using Java 17.0.10 with PID 73952 (/home/rps/Downloads/spring-boot-app/spring-boot-app/target/classes started by rps in /home/rps/Downloads/spring-boot-app/spring-boot-app)
15:20:52.145 [restartedMain] INFO  com.wipro.SpringBootAppApplication - No active profile set, falling back to 1 default profile: "default"
15:20:52.424 [restartedMain] INFO  o.s.b.d.e.DevToolsPropertyDefaultsPostProcessor - Devtools property defaults active! Set 'spring.devtools.add-properties' to 'false' to disable
15:20:52.425 [restartedMain] INFO  o.s.b.d.e.DevToolsPropertyDefaultsPostProcessor - For additional web related logging consider setting the 'logging.level.web' property to 'DEBUG'
15:20:55.578 [restartedMain] INFO  o.s.b.w.e.tomcat.TomcatWebServer - Tomcat initialized with port 9090 (http)
15:20:55.635 [restartedMain] INFO  o.a.coyote.http11.Http11NioProtocol - Initializing ProtocolHandler ["http-nio-9090"]
15:20:55.640 [restartedMain] INFO  o.a.catalina.core.StandardService - Starting service [Tomcat]
15:20:55.641 [restartedMain] INFO  o.a.catalina.core.StandardEngine - Starting Servlet engine: [Apache Tomcat/10.1.24]
15:20:55.768 [restartedMain] INFO  o.a.c.c.C.[Tomcat].[localhost].[/] - Initializing Spring embedded WebApplicationContext
15:20:55.769 [restartedMain] INFO  o.s.b.w.s.c.ServletWebServerApplicationContext - Root WebApplicationContext: initialization completed in 3329 ms
15:20:56.942 [restartedMain] INFO  o.s.b.d.a.OptionalLiveReloadServer - LiveReload server is running on port 35729
15:20:56.983 [restartedMain] INFO  o.a.coyote.http11.Http11NioProtocol - Starting ProtocolHandler ["http-nio-9090"]
15:20:57.015 [restartedMain] INFO  o.s.b.w.e.tomcat.TomcatWebServer - Tomcat started on port 9090 (http) with context path '/'
15:20:57.060 [restartedMain] INFO  com.wipro.SpringBootAppApplication - Started SpringBootAppApplication in 6.076 seconds (process running for 8.007)
15:21:27.298 [http-nio-9090-exec-1] INFO  o.a.c.c.C.[Tomcat].[localhost].[/] - Initializing Spring DispatcherServlet 'dispatcherServlet'
15:21:27.300 [http-nio-9090-exec-1] INFO  o.s.web.servlet.DispatcherServlet - Initializing Servlet 'dispatcherServlet'
15:21:27.303 [http-nio-9090-exec-1] INFO  o.s.web.servlet.DispatcherServlet - Completed initialization in 3 ms
15:23:26.802 [File Watcher] INFO  o.s.b.d.a.LocalDevToolsAutoConfiguration$RestartingClassPathChangeChangedEventListener - Restarting due to 1 class path change (0 additions, 0 deletions, 1 modification)
15:23:26.820 [Thread-5] INFO  o.a.coyote.http11.Http11NioProtocol - Stopping ProtocolHandler ["http-nio-9090"]
15:23:27.019 [restartedMain] INFO  com.wipro.SpringBootAppApplication - Starting SpringBootAppApplication using Java 17.0.10 with PID 73952 (/home/rps/Downloads/spring-boot-app/spring-boot-app/target/classes started by rps in /home/rps/Downloads/spring-boot-app/spring-boot-app)
15:23:27.020 [restartedMain] INFO  com.wipro.SpringBootAppApplication - No active profile set, falling back to 1 default profile: "default"
15:23:27.621 [restartedMain] INFO  o.s.b.w.e.tomcat.TomcatWebServer - Tomcat initialized with port 9090 (http)
15:23:27.624 [restartedMain] INFO  o.a.coyote.http11.Http11NioProtocol - Initializing ProtocolHandler ["http-nio-9090"]
15:23:27.625 [restartedMain] INFO  o.a.catalina.core.StandardService - Starting service [Tomcat]
15:23:27.626 [restartedMain] INFO  o.a.catalina.core.StandardEngine - Starting Servlet engine: [Apache Tomcat/10.1.24]
15:23:27.656 [restartedMain] INFO  o.a.c.c.C.[Tomcat].[localhost].[/] - Initializing Spring embedded WebApplicationContext
15:23:27.657 [restartedMain] INFO  o.s.b.w.s.c.ServletWebServerApplicationContext - Root WebApplicationContext: initialization completed in 632 ms
15:23:28.127 [restartedMain] INFO  o.s.b.d.a.OptionalLiveReloadServer - LiveReload server is running on port 35729
15:23:28.142 [restartedMain] INFO  o.a.coyote.http11.Http11NioProtocol - Starting ProtocolHandler ["http-nio-9090"]
15:23:28.146 [restartedMain] INFO  o.s.b.w.e.tomcat.TomcatWebServer - Tomcat started on port 9090 (http) with context path '/'
15:23:28.155 [restartedMain] INFO  com.wipro.SpringBootAppApplication - Started SpringBootAppApplication in 1.193 seconds (process running for 159.103)
15:23:28.160 [restartedMain] INFO  o.s.b.d.a.ConditionEvaluationDeltaLoggingListener - Condition evaluation unchanged
15:23:41.049 [restartedMain] INFO  com.wipro.SpringBootAppApplication - Starting SpringBootAppApplication using Java 17.0.10 with PID 74099 (/home/rps/Downloads/spring-boot-app/spring-boot-app/target/classes started by rps in /home/rps/Downloads/spring-boot-app/spring-boot-app)
15:23:41.057 [restartedMain] INFO  com.wipro.SpringBootAppApplication - No active profile set, falling back to 1 default profile: "default"
15:23:41.252 [restartedMain] INFO  o.s.b.d.e.DevToolsPropertyDefaultsPostProcessor - Devtools property defaults active! Set 'spring.devtools.add-properties' to 'false' to disable
15:23:41.254 [restartedMain] INFO  o.s.b.d.e.DevToolsPropertyDefaultsPostProcessor - For additional web related logging consider setting the 'logging.level.web' property to 'DEBUG'
15:23:43.740 [restartedMain] INFO  o.s.b.w.e.tomcat.TomcatWebServer - Tomcat initialized with port 9090 (http)
15:23:43.756 [restartedMain] INFO  o.a.coyote.http11.Http11NioProtocol - Initializing ProtocolHandler ["http-nio-9090"]
15:23:43.759 [restartedMain] INFO  o.a.catalina.core.StandardService - Starting service [Tomcat]
15:23:43.760 [restartedMain] INFO  o.a.catalina.core.StandardEngine - Starting Servlet engine: [Apache Tomcat/10.1.24]
15:23:43.818 [restartedMain] INFO  o.a.c.c.C.[Tomcat].[localhost].[/] - Initializing Spring embedded WebApplicationContext
15:23:43.819 [restartedMain] INFO  o.s.b.w.s.c.ServletWebServerApplicationContext - Root WebApplicationContext: initialization completed in 2564 ms
15:23:44.987 [restartedMain] INFO  o.s.b.d.a.OptionalLiveReloadServer - LiveReload server is running on port 35729
15:23:45.024 [restartedMain] INFO  o.a.coyote.http11.Http11NioProtocol - Starting ProtocolHandler ["http-nio-9090"]
15:23:45.048 [restartedMain] INFO  o.s.b.w.e.tomcat.TomcatWebServer - Tomcat started on port 9090 (http) with context path '/'
15:23:45.080 [restartedMain] INFO  com.wipro.SpringBootAppApplication - Started SpringBootAppApplication in 4.781 seconds (process running for 6.404)
15:23:59.723 [http-nio-9090-exec-1] INFO  o.a.c.c.C.[Tomcat].[localhost].[/] - Initializing Spring DispatcherServlet 'dispatcherServlet'
15:23:59.724 [http-nio-9090-exec-1] INFO  o.s.web.servlet.DispatcherServlet - Initializing Servlet 'dispatcherServlet'
15:23:59.738 [http-nio-9090-exec-1] INFO  o.s.web.servlet.DispatcherServlet - Completed initialization in 12 ms
15:23:59.831 [http-nio-9090-exec-1] INFO  com.wipro.aspect.UserAspect - getUserByName
15:27:21.114 [http-nio-9090-exec-6] INFO  com.wipro.aspect.UserAspect - getUserByName
15:41:22.892 [http-nio-9090-exec-9] INFO  com.wipro.aspect.UserAspect - getAllUsers
